docs/app/intermediates/manifest_merge_blame_file/debug/processDebugMainManifest/manifest-merger-blame-debug-report.txt
1<?xml version="1.0" encoding="utf-8"?>
2<manifest xmlns:android="http://schemas.android.com/apk/res/android"
3    package="com.example.first_portfolio_2025"
4    android:versionCode="1"
5    android:versionName="1.0" >
6
7    <uses-sdk
8        android:minSdkVersion="21"
9        android:targetSdkVersion="34" />
10    <!--
11         The INTERNET permission is required for development. Specifically,
12         the Flutter tool needs it to communicate with the running application
13         to allow setting breakpoints, to provide hot reload, etc.
14    -->
15    <uses-permission android:name="android.permission.INTERNET" />
15-->src\debug\AndroidManifest.xml:6:5-66
15-->src\debug\AndroidManifest.xml:6:22-64
16    <!--
17     Required to query activities that can process text, see:
18         https://developer.android.com/training/package-visibility and
19         https://developer.android.com/reference/android/content/Intent#ACTION_PROCESS_TEXT.
20
21         In particular, this is used by the Flutter engine in io.flutter.plugin.text.ProcessTextPlugin.
22    -->
23    <queries>
23-->src\main\AndroidManifest.xml:39:5-44:15
24        <intent>
24-->src\main\AndroidManifest.xml:40:9-43:18
25            <action android:name="android.intent.action.PROCESS_TEXT" />
25-->src\main\AndroidManifest.xml:41:13-72
25-->src\main\AndroidManifest.xml:41:21-70
26
27            <data android:mimeType="text/plain" />
27-->src\main\AndroidManifest.xml:42:13-50
27-->src\main\AndroidManifest.xml:42:19-48
28        </intent>
29    </queries>
30
31    <permission
31-->[androidx.core:core:1.13.1] AndroidManifest.xml:22:5-24:47
32        android:name="com.example.first_portfolio_2025.DYNAMIC_RECEIVER_NOT_EXPORTED_PERMISSION"
32-->[androidx.core:core:1.13.1] AndroidManifest.xml:23:9-81
33        android:protectionLevel="signature" />
33-->[androidx.core:core:1.13.1] AndroidManifest.xml:24:9-44
34
35    <uses-permission android:name="com.example.first_portfolio_2025.DYNAMIC_RECEIVER_NOT_EXPORTED_PERMISSION" />
35-->[androidx.core:core:1.13.1] AndroidManifest.xml:26:5-97
35-->[androidx.core:core:1.13.1] AndroidManifest.xml:26:22-94
36
37    <application
38        android:name="android.app.Application"
38-->src\main\AndroidManifest.xml:4:9-42
39        android:appComponentFactory="androidx.core.app.CoreComponentFactory"
39-->[androidx.core:core:1.13.1] AndroidManifest.xml:28:18-86
40        android:debuggable="true"
41        android:extractNativeLibs="true"
42        android:icon="@mipmap/ic_launcher"
42-->src\main\AndroidManifest.xml:5:9-43
43        android:label="first_portfolio_2025" >
43-->src\main\AndroidManifest.xml:3:9-45
44        <activity
44-->src\debug\AndroidManifest.xml:9:9-22:20
45            android:name="com.example.first_portfolio_2025.MainActivity"
45-->src\debug\AndroidManifest.xml:9:19-47
46            android:configChanges="orientation|keyboardHidden|keyboard|screenSize|smallestScreenSize|locale|layoutDirection|fontScale|screenLayout|density|uiMode"
46-->src\main\AndroidManifest.xml:12:13-163
47            android:exported="true"
47-->src\main\AndroidManifest.xml:8:13-36
48            android:hardwareAccelerated="true"
48-->src\main\AndroidManifest.xml:13:13-47
49            android:launchMode="singleTop"
49-->src\main\AndroidManifest.xml:9:13-43
50            android:taskAffinity=""
50-->src\main\AndroidManifest.xml:10:13-36
51            android:theme="@style/LaunchTheme"
51-->src\main\AndroidManifest.xml:11:13-47
52            android:windowSoftInputMode="adjustResize" >
52-->src\main\AndroidManifest.xml:14:13-55
53            <intent-filter>
53-->src\debug\AndroidManifest.xml:10:13-13:29
54                <action android:name="android.intent.action.VIEW" />
54-->src\debug\AndroidManifest.xml:11:17-69
54-->src\debug\AndroidManifest.xml:11:25-66
55
56                <data android:scheme="https" />
56-->src\main\AndroidManifest.xml:42:13-50
56-->src\debug\AndroidManifest.xml:12:23-45
57            </intent-filter>
58            <intent-filter>
58-->src\debug\AndroidManifest.xml:14:13-17:29
59                <action android:name="android.intent.action.DIAL" />
59-->src\debug\AndroidManifest.xml:15:17-69
59-->src\debug\AndroidManifest.xml:15:25-66
60
61                <data android:scheme="tel" />
61-->src\main\AndroidManifest.xml:42:13-50
61-->src\debug\AndroidManifest.xml:12:23-45
62            </intent-filter>
63            <intent-filter>
63-->src\debug\AndroidManifest.xml:18:13-21:29
64                <action android:name="android.intent.action.SENDTO" />
64-->src\debug\AndroidManifest.xml:19:17-71
64-->src\debug\AndroidManifest.xml:19:25-68
65
66                <data android:scheme="mailto" />
66-->src\main\AndroidManifest.xml:42:13-50
66-->src\debug\AndroidManifest.xml:12:23-45
67            </intent-filter>
68            <!--
69             Specifies an Android theme to apply to this Activity as soon as
70                 the Android process has started. This theme is visible to the user
71                 while the Flutter UI initializes. After that, this theme continues
72                 to determine the Window background behind the Flutter UI.
73            -->
74            <meta-data
74-->src\main\AndroidManifest.xml:19:13-22:17
75                android:name="io.flutter.embedding.android.NormalTheme"
75-->src\main\AndroidManifest.xml:20:15-70
76                android:resource="@style/NormalTheme" />
76-->src\main\AndroidManifest.xml:21:15-52
77
78            <intent-filter>
78-->src\main\AndroidManifest.xml:23:13-26:29
79                <action android:name="android.intent.action.MAIN" />
79-->src\main\AndroidManifest.xml:24:17-68
79-->src\main\AndroidManifest.xml:24:25-66
80
81                <category android:name="android.intent.category.LAUNCHER" />
81-->src\main\AndroidManifest.xml:25:17-76
81-->src\main\AndroidManifest.xml:25:27-74
82            </intent-filter>
83        </activity>
84        <!--
85         Don't delete the meta-data below.
86             This is used by the Flutter tool to generate GeneratedPluginRegistrant.java
87        -->
88        <meta-data
88-->src\main\AndroidManifest.xml:30:9-32:33
89            android:name="flutterEmbedding"
89-->src\main\AndroidManifest.xml:31:13-44
90            android:value="2" />
90-->src\main\AndroidManifest.xml:32:13-30
91
92        <activity
92-->[:url_launcher_android] AndroidManifest.xml:8:9-11:74
93            android:name="io.flutter.plugins.urllauncher.WebViewActivity"
93-->[:url_launcher_android] AndroidManifest.xml:9:13-74
94            android:exported="false"
94-->[:url_launcher_android] AndroidManifest.xml:10:13-37
95            android:theme="@android:style/Theme.NoTitleBar.Fullscreen" />
95-->[:url_launcher_android] AndroidManifest.xml:11:13-71
96
97        <uses-library
97-->[androidx.window:window:1.2.0] AndroidManifest.xml:23:9-25:40
98            android:name="androidx.window.extensions"
98-->[androidx.window:window:1.2.0] AndroidManifest.xml:24:13-54
99            android:required="false" />
99-->[androidx.window:window:1.2.0] AndroidManifest.xml:25:13-37
100        <uses-library
100-->[androidx.window:window:1.2.0] AndroidManifest.xml:26:9-28:40
101            android:name="androidx.window.sidecar"
101-->[androidx.window:window:1.2.0] AndroidManifest.xml:27:13-51
102            android:required="false" />
102-->[androidx.window:window:1.2.0] AndroidManifest.xml:28:13-37
103
104        <provider
104-->[androidx.lifecycle:lifecycle-process:2.7.0] AndroidManifest.xml:24:9-32:20
105            android:name="androidx.startup.InitializationProvider"
105-->[androidx.lifecycle:lifecycle-process:2.7.0] AndroidManifest.xml:25:13-67
106            android:authorities="com.example.first_portfolio_2025.androidx-startup"
106-->[androidx.lifecycle:lifecycle-process:2.7.0] AndroidManifest.xml:26:13-68
107            android:exported="false" >
107-->[androidx.lifecycle:lifecycle-process:2.7.0] AndroidManifest.xml:27:13-37
108            <meta-data
108-->[androidx.lifecycle:lifecycle-process:2.7.0] AndroidManifest.xml:29:13-31:52
109                android:name="androidx.lifecycle.ProcessLifecycleInitializer"
109-->[androidx.lifecycle:lifecycle-process:2.7.0] AndroidManifest.xml:30:17-78
110                android:value="androidx.startup" />
110-->[androidx.lifecycle:lifecycle-process:2.7.0] AndroidManifest.xml:31:17-49
111            <meta-data
111-->[androidx.profileinstaller:profileinstaller:1.3.1] AndroidManifest.xml:29:13-31:52
112                android:name="androidx.profileinstaller.ProfileInstallerInitializer"
112-->[androidx.profileinstaller:profileinstaller:1.3.1] AndroidManifest.xml:30:17-85
113                android:value="androidx.startup" />
113-->[androidx.profileinstaller:profileinstaller:1.3.1] AndroidManifest.xml:31:17-49
114        </provider>
115
116        <receiver
116-->[androidx.profileinstaller:profileinstaller:1.3.1] AndroidManifest.xml:34:9-52:20
117            android:name="androidx.profileinstaller.ProfileInstallReceiver"
117-->[androidx.profileinstaller:profileinstaller:1.3.1] AndroidManifest.xml:35:13-76
118            android:directBootAware="false"
118-->[androidx.profileinstaller:profileinstaller:1.3.1] AndroidManifest.xml:36:13-44
119            android:enabled="true"
119-->[androidx.profileinstaller:profileinstaller:1.3.1] AndroidManifest.xml:37:13-35
120            android:exported="true"
120-->[androidx.profileinstaller:profileinstaller:1.3.1] AndroidManifest.xml:38:13-36
121            android:permission="android.permission.DUMP" >
121-->[androidx.profileinstaller:profileinstaller:1.3.1] AndroidManifest.xml:39:13-57
122            <intent-filter>
122-->[androidx.profileinstaller:profileinstaller:1.3.1] AndroidManifest.xml:40:13-42:29
123                <action android:name="androidx.profileinstaller.action.INSTALL_PROFILE" />
123-->[androidx.profileinstaller:profileinstaller:1.3.1] AndroidManifest.xml:41:17-91
123-->[androidx.profileinstaller:profileinstaller:1.3.1] AndroidManifest.xml:41:25-88
124            </intent-filter>
125            <intent-filter>
125-->[androidx.profileinstaller:profileinstaller:1.3.1] AndroidManifest.xml:43:13-45:29
126                <action android:name="androidx.profileinstaller.action.SKIP_FILE" />
126-->[androidx.profileinstaller:profileinstaller:1.3.1] AndroidManifest.xml:44:17-85
126-->[androidx.profileinstaller:profileinstaller:1.3.1] AndroidManifest.xml:44:25-82
127            </intent-filter>
128            <intent-filter>
128-->[androidx.profileinstaller:profileinstaller:1.3.1] AndroidManifest.xml:46:13-48:29
129                <action android:name="androidx.profileinstaller.action.SAVE_PROFILE" />
129-->[androidx.profileinstaller:profileinstaller:1.3.1] AndroidManifest.xml:47:17-88
129-->[androidx.profileinstaller:profileinstaller:1.3.1] AndroidManifest.xml:47:25-85
130            </intent-filter>
131            <intent-filter>
131-->[androidx.profileinstaller:profileinstaller:1.3.1] AndroidManifest.xml:49:13-51:29
132                <action android:name="androidx.profileinstaller.action.BENCHMARK_OPERATION" />
132-->[androidx.profileinstaller:profileinstaller:1.3.1] AndroidManifest.xml:50:17-95
132-->[androidx.profileinstaller:profileinstaller:1.3.1] AndroidManifest.xml:50:25-92
133            </intent-filter>
134        </receiver>
135    </application>
136
137</manifest>